语法

    0 $accept: Program $end

    1 Program: ExtDefList

    2 ExtDefList: %empty
    3           | ExtDef ExtDefList

    4 ExtDef: Specifier ExtDecList SEMI
    5       | Specifier SEMI
    6       | Specifier FunDec CompSt
    7       | Specifier error SEMI
    8       | error SEMI
    9       | error Specifier SEMI

   10 ExtDecList: VarDec
   11           | VarDec COMMA ExtDecList

   12 Specifier: TYPE
   13          | StructSpecifier

   14 StructSpecifier: STRUCT OptTag LC DefList RC
   15                | STRUCT Tag

   16 OptTag: %empty
   17       | ID

   18 Tag: ID

   19 VarDec: ID
   20       | VarDec LB INT RB
   21       | VarDec LB error RB

   22 FunDec: ID LP VarList RP
   23       | ID LP RP
   24       | ID LP error RP
   25       | error LP VarList RP
   26       | error LP RP

   27 VarList: ParamDec COMMA VarList
   28        | ParamDec

   29 ParamDec: Specifier VarDec

   30 CompSt: LC DefList StmtList RC

   31 StmtList: %empty
   32         | Stmt StmtList

   33 Stmt: Exp SEMI
   34     | CompSt
   35     | RETURN Exp SEMI
   36     | IF LP Exp RP Stmt
   37     | IF LP Exp RP Stmt ELSE Stmt
   38     | WHILE LP Exp RP Stmt
   39     | error SEMI
   40     | Exp error SEMI
   41     | RETURN Exp error
   42     | RETURN error SEMI
   43     | IF LP error RP Stmt
   44     | IF LP Exp RP error ELSE Stmt
   45     | IF LP error RP ELSE Stmt
   46     | error LP Exp RP Stmt

   47 DefList: %empty
   48        | Def DefList

   49 Def: Specifier DecList SEMI
   50    | Specifier error SEMI
   51    | Specifier DecList error

   52 DecList: Dec
   53        | Dec COMMA DecList

   54 Dec: VarDec
   55    | VarDec ASSIGNOP Exp

   56 Exp: Exp ASSIGNOP Exp
   57    | Exp AND Exp
   58    | Exp OR Exp
   59    | Exp RELOP Exp
   60    | Exp PLUS Exp
   61    | Exp MINUS Exp
   62    | Exp STAR Exp
   63    | Exp DIV Exp
   64    | LP Exp RP
   65    | MINUS Exp
   66    | NOT Exp
   67    | ID LP Args RP
   68    | ID LP RP
   69    | Exp LB Exp RB
   70    | Exp DOT ID
   71    | ID
   72    | INT
   73    | FLOAT
   74    | Exp ASSIGNOP error
   75    | Exp AND error
   76    | Exp OR error
   77    | Exp RELOP error
   78    | Exp PLUS error
   79    | Exp MINUS error
   80    | Exp STAR error
   81    | Exp DIV error
   82    | ID LP error RP
   83    | Exp LB error RB
   84    | MINUS error
   85    | NOT error
   86    | LP error RP

   87 Args: Exp COMMA Args
   88     | Exp


终结语词，附有它们出现处的规则

    $end (0) 0
    error (256) 7 8 9 21 24 25 26 39 40 41 42 43 44 45 46 50 51 74 75 76 77 78 79 80 81 82 83 84 85 86
    INT <type_node> (258) 20 72
    FLOAT <type_node> (259) 73
    SEMI <type_node> (260) 4 5 7 8 9 33 35 39 40 42 49 50
    COMMA <type_node> (261) 11 27 53 87
    TYPE <type_node> (262) 12
    STRUCT <type_node> (263) 14 15
    ID <type_node> (264) 17 18 19 22 23 24 67 68 70 71 82
    LC <type_node> (265) 14 30
    RC <type_node> (266) 14 30
    LB <type_node> (267) 20 21 69 83
    RB <type_node> (268) 20 21 69 83
    LP <type_node> (269) 22 23 24 25 26 36 37 38 43 44 45 46 64 67 68 82 86
    RP <type_node> (270) 22 23 24 25 26 36 37 38 43 44 45 46 64 67 68 82 86
    RETURN <type_node> (271) 35 41 42
    IF <type_node> (272) 36 37 43 44 45
    ELSE <type_node> (273) 37 44 45
    WHILE <type_node> (274) 38
    ASSIGNOP <type_node> (275) 55 56 74
    AND <type_node> (276) 57 75
    OR <type_node> (277) 58 76
    RELOP <type_node> (278) 59 77
    PLUS <type_node> (279) 60 78
    MINUS <type_node> (280) 61 65 79 84
    STAR <type_node> (281) 62 80
    DIV <type_node> (282) 63 81
    NOT <type_node> (283) 66 85
    DOT <type_node> (284) 70
    LOWER_THAN_ELSE (285)


非终结语词，附有它们出现处的规则

    $accept (31)
        on left: 0
    Program <type_node> (32)
        on left: 1
        on right: 0
    ExtDefList <type_node> (33)
        on left: 2 3
        on right: 1 3
    ExtDef <type_node> (34)
        on left: 4 5 6 7 8 9
        on right: 3
    ExtDecList <type_node> (35)
        on left: 10 11
        on right: 4 11
    Specifier <type_node> (36)
        on left: 12 13
        on right: 4 5 6 7 9 29 49 50 51
    StructSpecifier <type_node> (37)
        on left: 14 15
        on right: 13
    OptTag <type_node> (38)
        on left: 16 17
        on right: 14
    Tag <type_node> (39)
        on left: 18
        on right: 15
    VarDec <type_node> (40)
        on left: 19 20 21
        on right: 10 11 20 21 29 54 55
    FunDec <type_node> (41)
        on left: 22 23 24 25 26
        on right: 6
    VarList <type_node> (42)
        on left: 27 28
        on right: 22 25 27
    ParamDec <type_node> (43)
        on left: 29
        on right: 27 28
    CompSt <type_node> (44)
        on left: 30
        on right: 6 34
    StmtList <type_node> (45)
        on left: 31 32
        on right: 30 32
    Stmt <type_node> (46)
        on left: 33 34 35 36 37 38 39 40 41 42 43 44 45 46
        on right: 32 36 37 38 43 44 45 46
    DefList <type_node> (47)
        on left: 47 48
        on right: 14 30 48
    Def <type_node> (48)
        on left: 49 50 51
        on right: 48
    DecList <type_node> (49)
        on left: 52 53
        on right: 49 51 53
    Dec <type_node> (50)
        on left: 54 55
        on right: 52 53
    Exp <type_node> (51)
        on left: 56 57 58 59 60 61 62 63 64 65 66 67 68 69 70 71 72 73 74 75 76 77 78 79 80 81 82 83 84 85 86
        on right: 33 35 36 37 38 40 41 44 46 55 56 57 58 59 60 61 62 63 64 65 66 69 70 74 75 76 77 78 79 80 81 83 87 88
    Args <type_node> (52)
        on left: 87 88
        on right: 67 87


状态 0

    0 $accept: . Program $end

    error   偏移，并进入状态 1
    TYPE    偏移，并进入状态 2
    STRUCT  偏移，并进入状态 3

    $end  使用规则 2 以归约 (ExtDefList)

    Program          转到状态 4
    ExtDefList       转到状态 5
    ExtDef           转到状态 6
    Specifier        转到状态 7
    StructSpecifier  转到状态 8


状态 1

    8 ExtDef: error . SEMI
    9       | error . Specifier SEMI

    SEMI    偏移，并进入状态 9
    TYPE    偏移，并进入状态 2
    STRUCT  偏移，并进入状态 3

    Specifier        转到状态 10
    StructSpecifier  转到状态 8


状态 2

   12 Specifier: TYPE .

    $default  使用规则 12 以归约 (Specifier)


状态 3

   14 StructSpecifier: STRUCT . OptTag LC DefList RC
   15                | STRUCT . Tag

    ID  偏移，并进入状态 11

    $default  使用规则 16 以归约 (OptTag)

    OptTag  转到状态 12
    Tag     转到状态 13


状态 4

    0 $accept: Program . $end

    $end  偏移，并进入状态 14


状态 5

    1 Program: ExtDefList .

    $default  使用规则 1 以归约 (Program)


状态 6

    3 ExtDefList: ExtDef . ExtDefList

    error   偏移，并进入状态 1
    TYPE    偏移，并进入状态 2
    STRUCT  偏移，并进入状态 3

    $end  使用规则 2 以归约 (ExtDefList)

    ExtDefList       转到状态 15
    ExtDef           转到状态 6
    Specifier        转到状态 7
    StructSpecifier  转到状态 8


状态 7

    4 ExtDef: Specifier . ExtDecList SEMI
    5       | Specifier . SEMI
    6       | Specifier . FunDec CompSt
    7       | Specifier . error SEMI

    error  偏移，并进入状态 16
    SEMI   偏移，并进入状态 17
    ID     偏移，并进入状态 18

    ExtDecList  转到状态 19
    VarDec      转到状态 20
    FunDec      转到状态 21


状态 8

   13 Specifier: StructSpecifier .

    $default  使用规则 13 以归约 (Specifier)


状态 9

    8 ExtDef: error SEMI .

    $default  使用规则 8 以归约 (ExtDef)


状态 10

    9 ExtDef: error Specifier . SEMI

    SEMI  偏移，并进入状态 22


状态 11

   17 OptTag: ID .
   18 Tag: ID .

    LC        使用规则 17 以归约 (OptTag)
    $default  使用规则 18 以归约 (Tag)


状态 12

   14 StructSpecifier: STRUCT OptTag . LC DefList RC

    LC  偏移，并进入状态 23


状态 13

   15 StructSpecifier: STRUCT Tag .

    $default  使用规则 15 以归约 (StructSpecifier)


状态 14

    0 $accept: Program $end .

    $default  接受


状态 15

    3 ExtDefList: ExtDef ExtDefList .

    $default  使用规则 3 以归约 (ExtDefList)


状态 16

    7 ExtDef: Specifier error . SEMI
   25 FunDec: error . LP VarList RP
   26       | error . LP RP

    SEMI  偏移，并进入状态 24
    LP    偏移，并进入状态 25


状态 17

    5 ExtDef: Specifier SEMI .

    $default  使用规则 5 以归约 (ExtDef)


状态 18

   19 VarDec: ID .
   22 FunDec: ID . LP VarList RP
   23       | ID . LP RP
   24       | ID . LP error RP

    LP  偏移，并进入状态 26

    $default  使用规则 19 以归约 (VarDec)


状态 19

    4 ExtDef: Specifier ExtDecList . SEMI

    SEMI  偏移，并进入状态 27


状态 20

   10 ExtDecList: VarDec .
   11           | VarDec . COMMA ExtDecList
   20 VarDec: VarDec . LB INT RB
   21       | VarDec . LB error RB

    COMMA  偏移，并进入状态 28
    LB     偏移，并进入状态 29

    $default  使用规则 10 以归约 (ExtDecList)


状态 21

    6 ExtDef: Specifier FunDec . CompSt

    LC  偏移，并进入状态 30

    CompSt  转到状态 31


状态 22

    9 ExtDef: error Specifier SEMI .

    $default  使用规则 9 以归约 (ExtDef)


状态 23

   14 StructSpecifier: STRUCT OptTag LC . DefList RC

    TYPE    偏移，并进入状态 2
    STRUCT  偏移，并进入状态 3

    $default  使用规则 47 以归约 (DefList)

    Specifier        转到状态 32
    StructSpecifier  转到状态 8
    DefList          转到状态 33
    Def              转到状态 34


状态 24

    7 ExtDef: Specifier error SEMI .

    $default  使用规则 7 以归约 (ExtDef)


状态 25

   25 FunDec: error LP . VarList RP
   26       | error LP . RP

    TYPE    偏移，并进入状态 2
    STRUCT  偏移，并进入状态 3
    RP      偏移，并进入状态 35

    Specifier        转到状态 36
    StructSpecifier  转到状态 8
    VarList          转到状态 37
    ParamDec         转到状态 38


状态 26

   22 FunDec: ID LP . VarList RP
   23       | ID LP . RP
   24       | ID LP . error RP

    error   偏移，并进入状态 39
    TYPE    偏移，并进入状态 2
    STRUCT  偏移，并进入状态 3
    RP      偏移，并进入状态 40

    Specifier        转到状态 36
    StructSpecifier  转到状态 8
    VarList          转到状态 41
    ParamDec         转到状态 38


状态 27

    4 ExtDef: Specifier ExtDecList SEMI .

    $default  使用规则 4 以归约 (ExtDef)


状态 28

   11 ExtDecList: VarDec COMMA . ExtDecList

    ID  偏移，并进入状态 42

    ExtDecList  转到状态 43
    VarDec      转到状态 20


状态 29

   20 VarDec: VarDec LB . INT RB
   21       | VarDec LB . error RB

    error  偏移，并进入状态 44
    INT    偏移，并进入状态 45


状态 30

   30 CompSt: LC . DefList StmtList RC

    TYPE    偏移，并进入状态 2
    STRUCT  偏移，并进入状态 3

    $default  使用规则 47 以归约 (DefList)

    Specifier        转到状态 32
    StructSpecifier  转到状态 8
    DefList          转到状态 46
    Def              转到状态 34


状态 31

    6 ExtDef: Specifier FunDec CompSt .

    $default  使用规则 6 以归约 (ExtDef)


状态 32

   49 Def: Specifier . DecList SEMI
   50    | Specifier . error SEMI
   51    | Specifier . DecList error

    error  偏移，并进入状态 47
    ID     偏移，并进入状态 42

    VarDec   转到状态 48
    DecList  转到状态 49
    Dec      转到状态 50


状态 33

   14 StructSpecifier: STRUCT OptTag LC DefList . RC

    RC  偏移，并进入状态 51


状态 34

   48 DefList: Def . DefList

    TYPE    偏移，并进入状态 2
    STRUCT  偏移，并进入状态 3

    $default  使用规则 47 以归约 (DefList)

    Specifier        转到状态 32
    StructSpecifier  转到状态 8
    DefList          转到状态 52
    Def              转到状态 34


状态 35

   26 FunDec: error LP RP .

    $default  使用规则 26 以归约 (FunDec)


状态 36

   29 ParamDec: Specifier . VarDec

    ID  偏移，并进入状态 42

    VarDec  转到状态 53


状态 37

   25 FunDec: error LP VarList . RP

    RP  偏移，并进入状态 54


状态 38

   27 VarList: ParamDec . COMMA VarList
   28        | ParamDec .

    COMMA  偏移，并进入状态 55

    $default  使用规则 28 以归约 (VarList)


状态 39

   24 FunDec: ID LP error . RP

    RP  偏移，并进入状态 56


状态 40

   23 FunDec: ID LP RP .

    $default  使用规则 23 以归约 (FunDec)


状态 41

   22 FunDec: ID LP VarList . RP

    RP  偏移，并进入状态 57


状态 42

   19 VarDec: ID .

    $default  使用规则 19 以归约 (VarDec)


状态 43

   11 ExtDecList: VarDec COMMA ExtDecList .

    $default  使用规则 11 以归约 (ExtDecList)


状态 44

   21 VarDec: VarDec LB error . RB

    RB  偏移，并进入状态 58


状态 45

   20 VarDec: VarDec LB INT . RB

    RB  偏移，并进入状态 59


状态 46

   30 CompSt: LC DefList . StmtList RC

    error   偏移，并进入状态 60
    INT     偏移，并进入状态 61
    FLOAT   偏移，并进入状态 62
    ID      偏移，并进入状态 63
    LC      偏移，并进入状态 30
    LP      偏移，并进入状态 64
    RETURN  偏移，并进入状态 65
    IF      偏移，并进入状态 66
    WHILE   偏移，并进入状态 67
    MINUS   偏移，并进入状态 68
    NOT     偏移，并进入状态 69

    RC  使用规则 31 以归约 (StmtList)

    CompSt    转到状态 70
    StmtList  转到状态 71
    Stmt      转到状态 72
    Exp       转到状态 73


状态 47

   50 Def: Specifier error . SEMI

    SEMI  偏移，并进入状态 74


状态 48

   20 VarDec: VarDec . LB INT RB
   21       | VarDec . LB error RB
   54 Dec: VarDec .
   55    | VarDec . ASSIGNOP Exp

    LB        偏移，并进入状态 29
    ASSIGNOP  偏移，并进入状态 75

    $default  使用规则 54 以归约 (Dec)


状态 49

   49 Def: Specifier DecList . SEMI
   51    | Specifier DecList . error

    error  偏移，并进入状态 76
    SEMI   偏移，并进入状态 77


状态 50

   52 DecList: Dec .
   53        | Dec . COMMA DecList

    COMMA  偏移，并进入状态 78

    $default  使用规则 52 以归约 (DecList)


状态 51

   14 StructSpecifier: STRUCT OptTag LC DefList RC .

    $default  使用规则 14 以归约 (StructSpecifier)


状态 52

   48 DefList: Def DefList .

    $default  使用规则 48 以归约 (DefList)


状态 53

   20 VarDec: VarDec . LB INT RB
   21       | VarDec . LB error RB
   29 ParamDec: Specifier VarDec .

    LB  偏移，并进入状态 29

    $default  使用规则 29 以归约 (ParamDec)


状态 54

   25 FunDec: error LP VarList RP .

    $default  使用规则 25 以归约 (FunDec)


状态 55

   27 VarList: ParamDec COMMA . VarList

    TYPE    偏移，并进入状态 2
    STRUCT  偏移，并进入状态 3

    Specifier        转到状态 36
    StructSpecifier  转到状态 8
    VarList          转到状态 79
    ParamDec         转到状态 38


状态 56

   24 FunDec: ID LP error RP .

    $default  使用规则 24 以归约 (FunDec)


状态 57

   22 FunDec: ID LP VarList RP .

    $default  使用规则 22 以归约 (FunDec)


状态 58

   21 VarDec: VarDec LB error RB .

    $default  使用规则 21 以归约 (VarDec)


状态 59

   20 VarDec: VarDec LB INT RB .

    $default  使用规则 20 以归约 (VarDec)


状态 60

   39 Stmt: error . SEMI
   46     | error . LP Exp RP Stmt

    SEMI  偏移，并进入状态 80
    LP    偏移，并进入状态 81


状态 61

   72 Exp: INT .

    $default  使用规则 72 以归约 (Exp)


状态 62

   73 Exp: FLOAT .

    $default  使用规则 73 以归约 (Exp)


状态 63

   67 Exp: ID . LP Args RP
   68    | ID . LP RP
   71    | ID .
   82    | ID . LP error RP

    LP  偏移，并进入状态 82

    $default  使用规则 71 以归约 (Exp)


状态 64

   64 Exp: LP . Exp RP
   86    | LP . error RP

    error  偏移，并进入状态 83
    INT    偏移，并进入状态 61
    FLOAT  偏移，并进入状态 62
    ID     偏移，并进入状态 63
    LP     偏移，并进入状态 64
    MINUS  偏移，并进入状态 68
    NOT    偏移，并进入状态 69

    Exp  转到状态 84


状态 65

   35 Stmt: RETURN . Exp SEMI
   41     | RETURN . Exp error
   42     | RETURN . error SEMI

    error  偏移，并进入状态 85
    INT    偏移，并进入状态 61
    FLOAT  偏移，并进入状态 62
    ID     偏移，并进入状态 63
    LP     偏移，并进入状态 64
    MINUS  偏移，并进入状态 68
    NOT    偏移，并进入状态 69

    Exp  转到状态 86


状态 66

   36 Stmt: IF . LP Exp RP Stmt
   37     | IF . LP Exp RP Stmt ELSE Stmt
   43     | IF . LP error RP Stmt
   44     | IF . LP Exp RP error ELSE Stmt
   45     | IF . LP error RP ELSE Stmt

    LP  偏移，并进入状态 87


状态 67

   38 Stmt: WHILE . LP Exp RP Stmt

    LP  偏移，并进入状态 88


状态 68

   65 Exp: MINUS . Exp
   84    | MINUS . error

    error  偏移，并进入状态 89
    INT    偏移，并进入状态 61
    FLOAT  偏移，并进入状态 62
    ID     偏移，并进入状态 63
    LP     偏移，并进入状态 64
    MINUS  偏移，并进入状态 68
    NOT    偏移，并进入状态 69

    Exp  转到状态 90


状态 69

   66 Exp: NOT . Exp
   85    | NOT . error

    error  偏移，并进入状态 91
    INT    偏移，并进入状态 61
    FLOAT  偏移，并进入状态 62
    ID     偏移，并进入状态 63
    LP     偏移，并进入状态 64
    MINUS  偏移，并进入状态 68
    NOT    偏移，并进入状态 69

    Exp  转到状态 92


状态 70

   34 Stmt: CompSt .

    $default  使用规则 34 以归约 (Stmt)


状态 71

   30 CompSt: LC DefList StmtList . RC

    RC  偏移，并进入状态 93


状态 72

   32 StmtList: Stmt . StmtList

    error   偏移，并进入状态 60
    INT     偏移，并进入状态 61
    FLOAT   偏移，并进入状态 62
    ID      偏移，并进入状态 63
    LC      偏移，并进入状态 30
    LP      偏移，并进入状态 64
    RETURN  偏移，并进入状态 65
    IF      偏移，并进入状态 66
    WHILE   偏移，并进入状态 67
    MINUS   偏移，并进入状态 68
    NOT     偏移，并进入状态 69

    RC  使用规则 31 以归约 (StmtList)

    CompSt    转到状态 70
    StmtList  转到状态 94
    Stmt      转到状态 72
    Exp       转到状态 73


状态 73

   33 Stmt: Exp . SEMI
   40     | Exp . error SEMI
   56 Exp: Exp . ASSIGNOP Exp
   57    | Exp . AND Exp
   58    | Exp . OR Exp
   59    | Exp . RELOP Exp
   60    | Exp . PLUS Exp
   61    | Exp . MINUS Exp
   62    | Exp . STAR Exp
   63    | Exp . DIV Exp
   69    | Exp . LB Exp RB
   70    | Exp . DOT ID
   74    | Exp . ASSIGNOP error
   75    | Exp . AND error
   76    | Exp . OR error
   77    | Exp . RELOP error
   78    | Exp . PLUS error
   79    | Exp . MINUS error
   80    | Exp . STAR error
   81    | Exp . DIV error
   83    | Exp . LB error RB

    error     偏移，并进入状态 95
    SEMI      偏移，并进入状态 96
    LB        偏移，并进入状态 97
    ASSIGNOP  偏移，并进入状态 98
    AND       偏移，并进入状态 99
    OR        偏移，并进入状态 100
    RELOP     偏移，并进入状态 101
    PLUS      偏移，并进入状态 102
    MINUS     偏移，并进入状态 103
    STAR      偏移，并进入状态 104
    DIV       偏移，并进入状态 105
    DOT       偏移，并进入状态 106


状态 74

   50 Def: Specifier error SEMI .

    $default  使用规则 50 以归约 (Def)


状态 75

   55 Dec: VarDec ASSIGNOP . Exp

    INT    偏移，并进入状态 61
    FLOAT  偏移，并进入状态 62
    ID     偏移，并进入状态 63
    LP     偏移，并进入状态 64
    MINUS  偏移，并进入状态 68
    NOT    偏移，并进入状态 69

    Exp  转到状态 107


状态 76

   51 Def: Specifier DecList error .

    $default  使用规则 51 以归约 (Def)


状态 77

   49 Def: Specifier DecList SEMI .

    $default  使用规则 49 以归约 (Def)


状态 78

   53 DecList: Dec COMMA . DecList

    ID  偏移，并进入状态 42

    VarDec   转到状态 48
    DecList  转到状态 108
    Dec      转到状态 50


状态 79

   27 VarList: ParamDec COMMA VarList .

    $default  使用规则 27 以归约 (VarList)


状态 80

   39 Stmt: error SEMI .

    $default  使用规则 39 以归约 (Stmt)


状态 81

   46 Stmt: error LP . Exp RP Stmt

    INT    偏移，并进入状态 61
    FLOAT  偏移，并进入状态 62
    ID     偏移，并进入状态 63
    LP     偏移，并进入状态 64
    MINUS  偏移，并进入状态 68
    NOT    偏移，并进入状态 69

    Exp  转到状态 109


状态 82

   67 Exp: ID LP . Args RP
   68    | ID LP . RP
   82    | ID LP . error RP

    error  偏移，并进入状态 110
    INT    偏移，并进入状态 61
    FLOAT  偏移，并进入状态 62
    ID     偏移，并进入状态 63
    LP     偏移，并进入状态 64
    RP     偏移，并进入状态 111
    MINUS  偏移，并进入状态 68
    NOT    偏移，并进入状态 69

    Exp   转到状态 112
    Args  转到状态 113


状态 83

   86 Exp: LP error . RP

    RP  偏移，并进入状态 114


状态 84

   56 Exp: Exp . ASSIGNOP Exp
   57    | Exp . AND Exp
   58    | Exp . OR Exp
   59    | Exp . RELOP Exp
   60    | Exp . PLUS Exp
   61    | Exp . MINUS Exp
   62    | Exp . STAR Exp
   63    | Exp . DIV Exp
   64    | LP Exp . RP
   69    | Exp . LB Exp RB
   70    | Exp . DOT ID
   74    | Exp . ASSIGNOP error
   75    | Exp . AND error
   76    | Exp . OR error
   77    | Exp . RELOP error
   78    | Exp . PLUS error
   79    | Exp . MINUS error
   80    | Exp . STAR error
   81    | Exp . DIV error
   83    | Exp . LB error RB

    LB        偏移，并进入状态 97
    RP        偏移，并进入状态 115
    ASSIGNOP  偏移，并进入状态 98
    AND       偏移，并进入状态 99
    OR        偏移，并进入状态 100
    RELOP     偏移，并进入状态 101
    PLUS      偏移，并进入状态 102
    MINUS     偏移，并进入状态 103
    STAR      偏移，并进入状态 104
    DIV       偏移，并进入状态 105
    DOT       偏移，并进入状态 106


状态 85

   42 Stmt: RETURN error . SEMI

    SEMI  偏移，并进入状态 116


状态 86

   35 Stmt: RETURN Exp . SEMI
   41     | RETURN Exp . error
   56 Exp: Exp . ASSIGNOP Exp
   57    | Exp . AND Exp
   58    | Exp . OR Exp
   59    | Exp . RELOP Exp
   60    | Exp . PLUS Exp
   61    | Exp . MINUS Exp
   62    | Exp . STAR Exp
   63    | Exp . DIV Exp
   69    | Exp . LB Exp RB
   70    | Exp . DOT ID
   74    | Exp . ASSIGNOP error
   75    | Exp . AND error
   76    | Exp . OR error
   77    | Exp . RELOP error
   78    | Exp . PLUS error
   79    | Exp . MINUS error
   80    | Exp . STAR error
   81    | Exp . DIV error
   83    | Exp . LB error RB

    error     偏移，并进入状态 117
    SEMI      偏移，并进入状态 118
    LB        偏移，并进入状态 97
    ASSIGNOP  偏移，并进入状态 98
    AND       偏移，并进入状态 99
    OR        偏移，并进入状态 100
    RELOP     偏移，并进入状态 101
    PLUS      偏移，并进入状态 102
    MINUS     偏移，并进入状态 103
    STAR      偏移，并进入状态 104
    DIV       偏移，并进入状态 105
    DOT       偏移，并进入状态 106


状态 87

   36 Stmt: IF LP . Exp RP Stmt
   37     | IF LP . Exp RP Stmt ELSE Stmt
   43     | IF LP . error RP Stmt
   44     | IF LP . Exp RP error ELSE Stmt
   45     | IF LP . error RP ELSE Stmt

    error  偏移，并进入状态 119
    INT    偏移，并进入状态 61
    FLOAT  偏移，并进入状态 62
    ID     偏移，并进入状态 63
    LP     偏移，并进入状态 64
    MINUS  偏移，并进入状态 68
    NOT    偏移，并进入状态 69

    Exp  转到状态 120


状态 88

   38 Stmt: WHILE LP . Exp RP Stmt

    INT    偏移，并进入状态 61
    FLOAT  偏移，并进入状态 62
    ID     偏移，并进入状态 63
    LP     偏移，并进入状态 64
    MINUS  偏移，并进入状态 68
    NOT    偏移，并进入状态 69

    Exp  转到状态 121


状态 89

   84 Exp: MINUS error .

    $default  使用规则 84 以归约 (Exp)


状态 90

   56 Exp: Exp . ASSIGNOP Exp
   57    | Exp . AND Exp
   58    | Exp . OR Exp
   59    | Exp . RELOP Exp
   60    | Exp . PLUS Exp
   61    | Exp . MINUS Exp
   62    | Exp . STAR Exp
   63    | Exp . DIV Exp
   65    | MINUS Exp .
   69    | Exp . LB Exp RB
   70    | Exp . DOT ID
   74    | Exp . ASSIGNOP error
   75    | Exp . AND error
   76    | Exp . OR error
   77    | Exp . RELOP error
   78    | Exp . PLUS error
   79    | Exp . MINUS error
   80    | Exp . STAR error
   81    | Exp . DIV error
   83    | Exp . LB error RB

    LB    偏移，并进入状态 97
    STAR  偏移，并进入状态 104
    DIV   偏移，并进入状态 105
    DOT   偏移，并进入状态 106

    $default  使用规则 65 以归约 (Exp)


状态 91

   85 Exp: NOT error .

    $default  使用规则 85 以归约 (Exp)


状态 92

   56 Exp: Exp . ASSIGNOP Exp
   57    | Exp . AND Exp
   58    | Exp . OR Exp
   59    | Exp . RELOP Exp
   60    | Exp . PLUS Exp
   61    | Exp . MINUS Exp
   62    | Exp . STAR Exp
   63    | Exp . DIV Exp
   66    | NOT Exp .
   69    | Exp . LB Exp RB
   70    | Exp . DOT ID
   74    | Exp . ASSIGNOP error
   75    | Exp . AND error
   76    | Exp . OR error
   77    | Exp . RELOP error
   78    | Exp . PLUS error
   79    | Exp . MINUS error
   80    | Exp . STAR error
   81    | Exp . DIV error
   83    | Exp . LB error RB

    LB   偏移，并进入状态 97
    DOT  偏移，并进入状态 106

    $default  使用规则 66 以归约 (Exp)


状态 93

   30 CompSt: LC DefList StmtList RC .

    $default  使用规则 30 以归约 (CompSt)


状态 94

   32 StmtList: Stmt StmtList .

    $default  使用规则 32 以归约 (StmtList)


状态 95

   40 Stmt: Exp error . SEMI

    SEMI  偏移，并进入状态 122


状态 96

   33 Stmt: Exp SEMI .

    $default  使用规则 33 以归约 (Stmt)


状态 97

   69 Exp: Exp LB . Exp RB
   83    | Exp LB . error RB

    error  偏移，并进入状态 123
    INT    偏移，并进入状态 61
    FLOAT  偏移，并进入状态 62
    ID     偏移，并进入状态 63
    LP     偏移，并进入状态 64
    MINUS  偏移，并进入状态 68
    NOT    偏移，并进入状态 69

    Exp  转到状态 124


状态 98

   56 Exp: Exp ASSIGNOP . Exp
   74    | Exp ASSIGNOP . error

    error  偏移，并进入状态 125
    INT    偏移，并进入状态 61
    FLOAT  偏移，并进入状态 62
    ID     偏移，并进入状态 63
    LP     偏移，并进入状态 64
    MINUS  偏移，并进入状态 68
    NOT    偏移，并进入状态 69

    Exp  转到状态 126


状态 99

   57 Exp: Exp AND . Exp
   75    | Exp AND . error

    error  偏移，并进入状态 127
    INT    偏移，并进入状态 61
    FLOAT  偏移，并进入状态 62
    ID     偏移，并进入状态 63
    LP     偏移，并进入状态 64
    MINUS  偏移，并进入状态 68
    NOT    偏移，并进入状态 69

    Exp  转到状态 128


状态 100

   58 Exp: Exp OR . Exp
   76    | Exp OR . error

    error  偏移，并进入状态 129
    INT    偏移，并进入状态 61
    FLOAT  偏移，并进入状态 62
    ID     偏移，并进入状态 63
    LP     偏移，并进入状态 64
    MINUS  偏移，并进入状态 68
    NOT    偏移，并进入状态 69

    Exp  转到状态 130


状态 101

   59 Exp: Exp RELOP . Exp
   77    | Exp RELOP . error

    error  偏移，并进入状态 131
    INT    偏移，并进入状态 61
    FLOAT  偏移，并进入状态 62
    ID     偏移，并进入状态 63
    LP     偏移，并进入状态 64
    MINUS  偏移，并进入状态 68
    NOT    偏移，并进入状态 69

    Exp  转到状态 132


状态 102

   60 Exp: Exp PLUS . Exp
   78    | Exp PLUS . error

    error  偏移，并进入状态 133
    INT    偏移，并进入状态 61
    FLOAT  偏移，并进入状态 62
    ID     偏移，并进入状态 63
    LP     偏移，并进入状态 64
    MINUS  偏移，并进入状态 68
    NOT    偏移，并进入状态 69

    Exp  转到状态 134


状态 103

   61 Exp: Exp MINUS . Exp
   79    | Exp MINUS . error

    error  偏移，并进入状态 135
    INT    偏移，并进入状态 61
    FLOAT  偏移，并进入状态 62
    ID     偏移，并进入状态 63
    LP     偏移，并进入状态 64
    MINUS  偏移，并进入状态 68
    NOT    偏移，并进入状态 69

    Exp  转到状态 136


状态 104

   62 Exp: Exp STAR . Exp
   80    | Exp STAR . error

    error  偏移，并进入状态 137
    INT    偏移，并进入状态 61
    FLOAT  偏移，并进入状态 62
    ID     偏移，并进入状态 63
    LP     偏移，并进入状态 64
    MINUS  偏移，并进入状态 68
    NOT    偏移，并进入状态 69

    Exp  转到状态 138


状态 105

   63 Exp: Exp DIV . Exp
   81    | Exp DIV . error

    error  偏移，并进入状态 139
    INT    偏移，并进入状态 61
    FLOAT  偏移，并进入状态 62
    ID     偏移，并进入状态 63
    LP     偏移，并进入状态 64
    MINUS  偏移，并进入状态 68
    NOT    偏移，并进入状态 69

    Exp  转到状态 140


状态 106

   70 Exp: Exp DOT . ID

    ID  偏移，并进入状态 141


状态 107

   55 Dec: VarDec ASSIGNOP Exp .
   56 Exp: Exp . ASSIGNOP Exp
   57    | Exp . AND Exp
   58    | Exp . OR Exp
   59    | Exp . RELOP Exp
   60    | Exp . PLUS Exp
   61    | Exp . MINUS Exp
   62    | Exp . STAR Exp
   63    | Exp . DIV Exp
   69    | Exp . LB Exp RB
   70    | Exp . DOT ID
   74    | Exp . ASSIGNOP error
   75    | Exp . AND error
   76    | Exp . OR error
   77    | Exp . RELOP error
   78    | Exp . PLUS error
   79    | Exp . MINUS error
   80    | Exp . STAR error
   81    | Exp . DIV error
   83    | Exp . LB error RB

    LB        偏移，并进入状态 97
    ASSIGNOP  偏移，并进入状态 98
    AND       偏移，并进入状态 99
    OR        偏移，并进入状态 100
    RELOP     偏移，并进入状态 101
    PLUS      偏移，并进入状态 102
    MINUS     偏移，并进入状态 103
    STAR      偏移，并进入状态 104
    DIV       偏移，并进入状态 105
    DOT       偏移，并进入状态 106

    $default  使用规则 55 以归约 (Dec)


状态 108

   53 DecList: Dec COMMA DecList .

    $default  使用规则 53 以归约 (DecList)


状态 109

   46 Stmt: error LP Exp . RP Stmt
   56 Exp: Exp . ASSIGNOP Exp
   57    | Exp . AND Exp
   58    | Exp . OR Exp
   59    | Exp . RELOP Exp
   60    | Exp . PLUS Exp
   61    | Exp . MINUS Exp
   62    | Exp . STAR Exp
   63    | Exp . DIV Exp
   69    | Exp . LB Exp RB
   70    | Exp . DOT ID
   74    | Exp . ASSIGNOP error
   75    | Exp . AND error
   76    | Exp . OR error
   77    | Exp . RELOP error
   78    | Exp . PLUS error
   79    | Exp . MINUS error
   80    | Exp . STAR error
   81    | Exp . DIV error
   83    | Exp . LB error RB

    LB        偏移，并进入状态 97
    RP        偏移，并进入状态 142
    ASSIGNOP  偏移，并进入状态 98
    AND       偏移，并进入状态 99
    OR        偏移，并进入状态 100
    RELOP     偏移，并进入状态 101
    PLUS      偏移，并进入状态 102
    MINUS     偏移，并进入状态 103
    STAR      偏移，并进入状态 104
    DIV       偏移，并进入状态 105
    DOT       偏移，并进入状态 106


状态 110

   82 Exp: ID LP error . RP

    RP  偏移，并进入状态 143


状态 111

   68 Exp: ID LP RP .

    $default  使用规则 68 以归约 (Exp)


状态 112

   56 Exp: Exp . ASSIGNOP Exp
   57    | Exp . AND Exp
   58    | Exp . OR Exp
   59    | Exp . RELOP Exp
   60    | Exp . PLUS Exp
   61    | Exp . MINUS Exp
   62    | Exp . STAR Exp
   63    | Exp . DIV Exp
   69    | Exp . LB Exp RB
   70    | Exp . DOT ID
   74    | Exp . ASSIGNOP error
   75    | Exp . AND error
   76    | Exp . OR error
   77    | Exp . RELOP error
   78    | Exp . PLUS error
   79    | Exp . MINUS error
   80    | Exp . STAR error
   81    | Exp . DIV error
   83    | Exp . LB error RB
   87 Args: Exp . COMMA Args
   88     | Exp .

    COMMA     偏移，并进入状态 144
    LB        偏移，并进入状态 97
    ASSIGNOP  偏移，并进入状态 98
    AND       偏移，并进入状态 99
    OR        偏移，并进入状态 100
    RELOP     偏移，并进入状态 101
    PLUS      偏移，并进入状态 102
    MINUS     偏移，并进入状态 103
    STAR      偏移，并进入状态 104
    DIV       偏移，并进入状态 105
    DOT       偏移，并进入状态 106

    $default  使用规则 88 以归约 (Args)


状态 113

   67 Exp: ID LP Args . RP

    RP  偏移，并进入状态 145


状态 114

   86 Exp: LP error RP .

    $default  使用规则 86 以归约 (Exp)


状态 115

   64 Exp: LP Exp RP .

    $default  使用规则 64 以归约 (Exp)


状态 116

   42 Stmt: RETURN error SEMI .

    $default  使用规则 42 以归约 (Stmt)


状态 117

   41 Stmt: RETURN Exp error .

    $default  使用规则 41 以归约 (Stmt)


状态 118

   35 Stmt: RETURN Exp SEMI .

    $default  使用规则 35 以归约 (Stmt)


状态 119

   43 Stmt: IF LP error . RP Stmt
   45     | IF LP error . RP ELSE Stmt

    RP  偏移，并进入状态 146


状态 120

   36 Stmt: IF LP Exp . RP Stmt
   37     | IF LP Exp . RP Stmt ELSE Stmt
   44     | IF LP Exp . RP error ELSE Stmt
   56 Exp: Exp . ASSIGNOP Exp
   57    | Exp . AND Exp
   58    | Exp . OR Exp
   59    | Exp . RELOP Exp
   60    | Exp . PLUS Exp
   61    | Exp . MINUS Exp
   62    | Exp . STAR Exp
   63    | Exp . DIV Exp
   69    | Exp . LB Exp RB
   70    | Exp . DOT ID
   74    | Exp . ASSIGNOP error
   75    | Exp . AND error
   76    | Exp . OR error
   77    | Exp . RELOP error
   78    | Exp . PLUS error
   79    | Exp . MINUS error
   80    | Exp . STAR error
   81    | Exp . DIV error
   83    | Exp . LB error RB

    LB        偏移，并进入状态 97
    RP        偏移，并进入状态 147
    ASSIGNOP  偏移，并进入状态 98
    AND       偏移，并进入状态 99
    OR        偏移，并进入状态 100
    RELOP     偏移，并进入状态 101
    PLUS      偏移，并进入状态 102
    MINUS     偏移，并进入状态 103
    STAR      偏移，并进入状态 104
    DIV       偏移，并进入状态 105
    DOT       偏移，并进入状态 106


状态 121

   38 Stmt: WHILE LP Exp . RP Stmt
   56 Exp: Exp . ASSIGNOP Exp
   57    | Exp . AND Exp
   58    | Exp . OR Exp
   59    | Exp . RELOP Exp
   60    | Exp . PLUS Exp
   61    | Exp . MINUS Exp
   62    | Exp . STAR Exp
   63    | Exp . DIV Exp
   69    | Exp . LB Exp RB
   70    | Exp . DOT ID
   74    | Exp . ASSIGNOP error
   75    | Exp . AND error
   76    | Exp . OR error
   77    | Exp . RELOP error
   78    | Exp . PLUS error
   79    | Exp . MINUS error
   80    | Exp . STAR error
   81    | Exp . DIV error
   83    | Exp . LB error RB

    LB        偏移，并进入状态 97
    RP        偏移，并进入状态 148
    ASSIGNOP  偏移，并进入状态 98
    AND       偏移，并进入状态 99
    OR        偏移，并进入状态 100
    RELOP     偏移，并进入状态 101
    PLUS      偏移，并进入状态 102
    MINUS     偏移，并进入状态 103
    STAR      偏移，并进入状态 104
    DIV       偏移，并进入状态 105
    DOT       偏移，并进入状态 106


状态 122

   40 Stmt: Exp error SEMI .

    $default  使用规则 40 以归约 (Stmt)


状态 123

   83 Exp: Exp LB error . RB

    RB  偏移，并进入状态 149


状态 124

   56 Exp: Exp . ASSIGNOP Exp
   57    | Exp . AND Exp
   58    | Exp . OR Exp
   59    | Exp . RELOP Exp
   60    | Exp . PLUS Exp
   61    | Exp . MINUS Exp
   62    | Exp . STAR Exp
   63    | Exp . DIV Exp
   69    | Exp . LB Exp RB
   69    | Exp LB Exp . RB
   70    | Exp . DOT ID
   74    | Exp . ASSIGNOP error
   75    | Exp . AND error
   76    | Exp . OR error
   77    | Exp . RELOP error
   78    | Exp . PLUS error
   79    | Exp . MINUS error
   80    | Exp . STAR error
   81    | Exp . DIV error
   83    | Exp . LB error RB

    LB        偏移，并进入状态 97
    RB        偏移，并进入状态 150
    ASSIGNOP  偏移，并进入状态 98
    AND       偏移，并进入状态 99
    OR        偏移，并进入状态 100
    RELOP     偏移，并进入状态 101
    PLUS      偏移，并进入状态 102
    MINUS     偏移，并进入状态 103
    STAR      偏移，并进入状态 104
    DIV       偏移，并进入状态 105
    DOT       偏移，并进入状态 106


状态 125

   74 Exp: Exp ASSIGNOP error .

    $default  使用规则 74 以归约 (Exp)


状态 126

   56 Exp: Exp . ASSIGNOP Exp
   56    | Exp ASSIGNOP Exp .
   57    | Exp . AND Exp
   58    | Exp . OR Exp
   59    | Exp . RELOP Exp
   60    | Exp . PLUS Exp
   61    | Exp . MINUS Exp
   62    | Exp . STAR Exp
   63    | Exp . DIV Exp
   69    | Exp . LB Exp RB
   70    | Exp . DOT ID
   74    | Exp . ASSIGNOP error
   75    | Exp . AND error
   76    | Exp . OR error
   77    | Exp . RELOP error
   78    | Exp . PLUS error
   79    | Exp . MINUS error
   80    | Exp . STAR error
   81    | Exp . DIV error
   83    | Exp . LB error RB

    LB        偏移，并进入状态 97
    ASSIGNOP  偏移，并进入状态 98
    AND       偏移，并进入状态 99
    OR        偏移，并进入状态 100
    RELOP     偏移，并进入状态 101
    PLUS      偏移，并进入状态 102
    MINUS     偏移，并进入状态 103
    STAR      偏移，并进入状态 104
    DIV       偏移，并进入状态 105
    DOT       偏移，并进入状态 106

    $default  使用规则 56 以归约 (Exp)


状态 127

   75 Exp: Exp AND error .

    $default  使用规则 75 以归约 (Exp)


状态 128

   56 Exp: Exp . ASSIGNOP Exp
   57    | Exp . AND Exp
   57    | Exp AND Exp .
   58    | Exp . OR Exp
   59    | Exp . RELOP Exp
   60    | Exp . PLUS Exp
   61    | Exp . MINUS Exp
   62    | Exp . STAR Exp
   63    | Exp . DIV Exp
   69    | Exp . LB Exp RB
   70    | Exp . DOT ID
   74    | Exp . ASSIGNOP error
   75    | Exp . AND error
   76    | Exp . OR error
   77    | Exp . RELOP error
   78    | Exp . PLUS error
   79    | Exp . MINUS error
   80    | Exp . STAR error
   81    | Exp . DIV error
   83    | Exp . LB error RB

    LB     偏移，并进入状态 97
    RELOP  偏移，并进入状态 101
    PLUS   偏移，并进入状态 102
    MINUS  偏移，并进入状态 103
    STAR   偏移，并进入状态 104
    DIV    偏移，并进入状态 105
    DOT    偏移，并进入状态 106

    $default  使用规则 57 以归约 (Exp)


状态 129

   76 Exp: Exp OR error .

    $default  使用规则 76 以归约 (Exp)


状态 130

   56 Exp: Exp . ASSIGNOP Exp
   57    | Exp . AND Exp
   58    | Exp . OR Exp
   58    | Exp OR Exp .
   59    | Exp . RELOP Exp
   60    | Exp . PLUS Exp
   61    | Exp . MINUS Exp
   62    | Exp . STAR Exp
   63    | Exp . DIV Exp
   69    | Exp . LB Exp RB
   70    | Exp . DOT ID
   74    | Exp . ASSIGNOP error
   75    | Exp . AND error
   76    | Exp . OR error
   77    | Exp . RELOP error
   78    | Exp . PLUS error
   79    | Exp . MINUS error
   80    | Exp . STAR error
   81    | Exp . DIV error
   83    | Exp . LB error RB

    LB     偏移，并进入状态 97
    RELOP  偏移，并进入状态 101
    PLUS   偏移，并进入状态 102
    MINUS  偏移，并进入状态 103
    STAR   偏移，并进入状态 104
    DIV    偏移，并进入状态 105
    DOT    偏移，并进入状态 106

    $default  使用规则 58 以归约 (Exp)


状态 131

   77 Exp: Exp RELOP error .

    $default  使用规则 77 以归约 (Exp)


状态 132

   56 Exp: Exp . ASSIGNOP Exp
   57    | Exp . AND Exp
   58    | Exp . OR Exp
   59    | Exp . RELOP Exp
   59    | Exp RELOP Exp .
   60    | Exp . PLUS Exp
   61    | Exp . MINUS Exp
   62    | Exp . STAR Exp
   63    | Exp . DIV Exp
   69    | Exp . LB Exp RB
   70    | Exp . DOT ID
   74    | Exp . ASSIGNOP error
   75    | Exp . AND error
   76    | Exp . OR error
   77    | Exp . RELOP error
   78    | Exp . PLUS error
   79    | Exp . MINUS error
   80    | Exp . STAR error
   81    | Exp . DIV error
   83    | Exp . LB error RB

    LB     偏移，并进入状态 97
    PLUS   偏移，并进入状态 102
    MINUS  偏移，并进入状态 103
    STAR   偏移，并进入状态 104
    DIV    偏移，并进入状态 105
    DOT    偏移，并进入状态 106

    $default  使用规则 59 以归约 (Exp)


状态 133

   78 Exp: Exp PLUS error .

    $default  使用规则 78 以归约 (Exp)


状态 134

   56 Exp: Exp . ASSIGNOP Exp
   57    | Exp . AND Exp
   58    | Exp . OR Exp
   59    | Exp . RELOP Exp
   60    | Exp . PLUS Exp
   60    | Exp PLUS Exp .
   61    | Exp . MINUS Exp
   62    | Exp . STAR Exp
   63    | Exp . DIV Exp
   69    | Exp . LB Exp RB
   70    | Exp . DOT ID
   74    | Exp . ASSIGNOP error
   75    | Exp . AND error
   76    | Exp . OR error
   77    | Exp . RELOP error
   78    | Exp . PLUS error
   79    | Exp . MINUS error
   80    | Exp . STAR error
   81    | Exp . DIV error
   83    | Exp . LB error RB

    LB    偏移，并进入状态 97
    STAR  偏移，并进入状态 104
    DIV   偏移，并进入状态 105
    DOT   偏移，并进入状态 106

    $default  使用规则 60 以归约 (Exp)


状态 135

   79 Exp: Exp MINUS error .

    $default  使用规则 79 以归约 (Exp)


状态 136

   56 Exp: Exp . ASSIGNOP Exp
   57    | Exp . AND Exp
   58    | Exp . OR Exp
   59    | Exp . RELOP Exp
   60    | Exp . PLUS Exp
   61    | Exp . MINUS Exp
   61    | Exp MINUS Exp .
   62    | Exp . STAR Exp
   63    | Exp . DIV Exp
   69    | Exp . LB Exp RB
   70    | Exp . DOT ID
   74    | Exp . ASSIGNOP error
   75    | Exp . AND error
   76    | Exp . OR error
   77    | Exp . RELOP error
   78    | Exp . PLUS error
   79    | Exp . MINUS error
   80    | Exp . STAR error
   81    | Exp . DIV error
   83    | Exp . LB error RB

    LB    偏移，并进入状态 97
    STAR  偏移，并进入状态 104
    DIV   偏移，并进入状态 105
    DOT   偏移，并进入状态 106

    $default  使用规则 61 以归约 (Exp)


状态 137

   80 Exp: Exp STAR error .

    $default  使用规则 80 以归约 (Exp)


状态 138

   56 Exp: Exp . ASSIGNOP Exp
   57    | Exp . AND Exp
   58    | Exp . OR Exp
   59    | Exp . RELOP Exp
   60    | Exp . PLUS Exp
   61    | Exp . MINUS Exp
   62    | Exp . STAR Exp
   62    | Exp STAR Exp .
   63    | Exp . DIV Exp
   69    | Exp . LB Exp RB
   70    | Exp . DOT ID
   74    | Exp . ASSIGNOP error
   75    | Exp . AND error
   76    | Exp . OR error
   77    | Exp . RELOP error
   78    | Exp . PLUS error
   79    | Exp . MINUS error
   80    | Exp . STAR error
   81    | Exp . DIV error
   83    | Exp . LB error RB

    LB   偏移，并进入状态 97
    DOT  偏移，并进入状态 106

    $default  使用规则 62 以归约 (Exp)


状态 139

   81 Exp: Exp DIV error .

    $default  使用规则 81 以归约 (Exp)


状态 140

   56 Exp: Exp . ASSIGNOP Exp
   57    | Exp . AND Exp
   58    | Exp . OR Exp
   59    | Exp . RELOP Exp
   60    | Exp . PLUS Exp
   61    | Exp . MINUS Exp
   62    | Exp . STAR Exp
   63    | Exp . DIV Exp
   63    | Exp DIV Exp .
   69    | Exp . LB Exp RB
   70    | Exp . DOT ID
   74    | Exp . ASSIGNOP error
   75    | Exp . AND error
   76    | Exp . OR error
   77    | Exp . RELOP error
   78    | Exp . PLUS error
   79    | Exp . MINUS error
   80    | Exp . STAR error
   81    | Exp . DIV error
   83    | Exp . LB error RB

    LB   偏移，并进入状态 97
    DOT  偏移，并进入状态 106

    $default  使用规则 63 以归约 (Exp)


状态 141

   70 Exp: Exp DOT ID .

    $default  使用规则 70 以归约 (Exp)


状态 142

   46 Stmt: error LP Exp RP . Stmt

    error   偏移，并进入状态 60
    INT     偏移，并进入状态 61
    FLOAT   偏移，并进入状态 62
    ID      偏移，并进入状态 63
    LC      偏移，并进入状态 30
    LP      偏移，并进入状态 64
    RETURN  偏移，并进入状态 65
    IF      偏移，并进入状态 66
    WHILE   偏移，并进入状态 67
    MINUS   偏移，并进入状态 68
    NOT     偏移，并进入状态 69

    CompSt  转到状态 70
    Stmt    转到状态 151
    Exp     转到状态 73


状态 143

   82 Exp: ID LP error RP .

    $default  使用规则 82 以归约 (Exp)


状态 144

   87 Args: Exp COMMA . Args

    INT    偏移，并进入状态 61
    FLOAT  偏移，并进入状态 62
    ID     偏移，并进入状态 63
    LP     偏移，并进入状态 64
    MINUS  偏移，并进入状态 68
    NOT    偏移，并进入状态 69

    Exp   转到状态 112
    Args  转到状态 152


状态 145

   67 Exp: ID LP Args RP .

    $default  使用规则 67 以归约 (Exp)


状态 146

   43 Stmt: IF LP error RP . Stmt
   45     | IF LP error RP . ELSE Stmt

    error   偏移，并进入状态 60
    INT     偏移，并进入状态 61
    FLOAT   偏移，并进入状态 62
    ID      偏移，并进入状态 63
    LC      偏移，并进入状态 30
    LP      偏移，并进入状态 64
    RETURN  偏移，并进入状态 65
    IF      偏移，并进入状态 66
    ELSE    偏移，并进入状态 153
    WHILE   偏移，并进入状态 67
    MINUS   偏移，并进入状态 68
    NOT     偏移，并进入状态 69

    CompSt  转到状态 70
    Stmt    转到状态 154
    Exp     转到状态 73


状态 147

   36 Stmt: IF LP Exp RP . Stmt
   37     | IF LP Exp RP . Stmt ELSE Stmt
   44     | IF LP Exp RP . error ELSE Stmt

    error   偏移，并进入状态 155
    INT     偏移，并进入状态 61
    FLOAT   偏移，并进入状态 62
    ID      偏移，并进入状态 63
    LC      偏移，并进入状态 30
    LP      偏移，并进入状态 64
    RETURN  偏移，并进入状态 65
    IF      偏移，并进入状态 66
    WHILE   偏移，并进入状态 67
    MINUS   偏移，并进入状态 68
    NOT     偏移，并进入状态 69

    CompSt  转到状态 70
    Stmt    转到状态 156
    Exp     转到状态 73


状态 148

   38 Stmt: WHILE LP Exp RP . Stmt

    error   偏移，并进入状态 60
    INT     偏移，并进入状态 61
    FLOAT   偏移，并进入状态 62
    ID      偏移，并进入状态 63
    LC      偏移，并进入状态 30
    LP      偏移，并进入状态 64
    RETURN  偏移，并进入状态 65
    IF      偏移，并进入状态 66
    WHILE   偏移，并进入状态 67
    MINUS   偏移，并进入状态 68
    NOT     偏移，并进入状态 69

    CompSt  转到状态 70
    Stmt    转到状态 157
    Exp     转到状态 73


状态 149

   83 Exp: Exp LB error RB .

    $default  使用规则 83 以归约 (Exp)


状态 150

   69 Exp: Exp LB Exp RB .

    $default  使用规则 69 以归约 (Exp)


状态 151

   46 Stmt: error LP Exp RP Stmt .

    $default  使用规则 46 以归约 (Stmt)


状态 152

   87 Args: Exp COMMA Args .

    $default  使用规则 87 以归约 (Args)


状态 153

   45 Stmt: IF LP error RP ELSE . Stmt

    error   偏移，并进入状态 60
    INT     偏移，并进入状态 61
    FLOAT   偏移，并进入状态 62
    ID      偏移，并进入状态 63
    LC      偏移，并进入状态 30
    LP      偏移，并进入状态 64
    RETURN  偏移，并进入状态 65
    IF      偏移，并进入状态 66
    WHILE   偏移，并进入状态 67
    MINUS   偏移，并进入状态 68
    NOT     偏移，并进入状态 69

    CompSt  转到状态 70
    Stmt    转到状态 158
    Exp     转到状态 73


状态 154

   43 Stmt: IF LP error RP Stmt .

    $default  使用规则 43 以归约 (Stmt)


状态 155

   39 Stmt: error . SEMI
   44     | IF LP Exp RP error . ELSE Stmt
   46     | error . LP Exp RP Stmt

    SEMI  偏移，并进入状态 80
    LP    偏移，并进入状态 81
    ELSE  偏移，并进入状态 159


状态 156

   36 Stmt: IF LP Exp RP Stmt .
   37     | IF LP Exp RP Stmt . ELSE Stmt

    ELSE  偏移，并进入状态 160

    $default  使用规则 36 以归约 (Stmt)


状态 157

   38 Stmt: WHILE LP Exp RP Stmt .

    $default  使用规则 38 以归约 (Stmt)


状态 158

   45 Stmt: IF LP error RP ELSE Stmt .

    $default  使用规则 45 以归约 (Stmt)


状态 159

   44 Stmt: IF LP Exp RP error ELSE . Stmt

    error   偏移，并进入状态 60
    INT     偏移，并进入状态 61
    FLOAT   偏移，并进入状态 62
    ID      偏移，并进入状态 63
    LC      偏移，并进入状态 30
    LP      偏移，并进入状态 64
    RETURN  偏移，并进入状态 65
    IF      偏移，并进入状态 66
    WHILE   偏移，并进入状态 67
    MINUS   偏移，并进入状态 68
    NOT     偏移，并进入状态 69

    CompSt  转到状态 70
    Stmt    转到状态 161
    Exp     转到状态 73


状态 160

   37 Stmt: IF LP Exp RP Stmt ELSE . Stmt

    error   偏移，并进入状态 60
    INT     偏移，并进入状态 61
    FLOAT   偏移，并进入状态 62
    ID      偏移，并进入状态 63
    LC      偏移，并进入状态 30
    LP      偏移，并进入状态 64
    RETURN  偏移，并进入状态 65
    IF      偏移，并进入状态 66
    WHILE   偏移，并进入状态 67
    MINUS   偏移，并进入状态 68
    NOT     偏移，并进入状态 69

    CompSt  转到状态 70
    Stmt    转到状态 162
    Exp     转到状态 73


状态 161

   44 Stmt: IF LP Exp RP error ELSE Stmt .

    $default  使用规则 44 以归约 (Stmt)


状态 162

   37 Stmt: IF LP Exp RP Stmt ELSE Stmt .

    $default  使用规则 37 以归约 (Stmt)
